[DEVICEFARM] Setting up your device. This usually takes 2-3 minutes.
[DEVICEFARM] ########### Start executing testspec ###########
 
 
[DEVICEFARM] ########### Entering phase install ###########
 
[DeviceFarm] export APPIUM_VERSION=1.9.1
[DeviceFarm] avm $APPIUM_VERSION
  [36m    exists[0m : [90m1.9.1[0m
[DeviceFarm] ln -s /usr/local/avm/versions/$APPIUM_VERSION/node_modules/.bin/appium  /usr/local/avm/versions/$APPIUM_VERSION/node_modules/appium/bin/appium.js
ln: /usr/local/avm/versions/1.9.1/node_modules/appium/bin/appium.js: File exists
[DeviceFarm] echo "Navigate to test package directory"
Navigate to test package directory
[DeviceFarm] cd $DEVICEFARM_TEST_PACKAGE_PATH
[DeviceFarm] npm install *.tgz

> fibers@4.0.1 install /private/tmp/scratchLZqUH9.scratch/test-package19ioxx/node_modules/devicefarm-web-nodejs-test/node_modules/fibers
> node build.js || nodejs build.js

  CXX(target) Release/obj.target/fibers/src/fibers.o
  CXX(target) Release/obj.target/fibers/src/coroutine.o
  CC(target) Release/obj.target/fibers/src/libcoro/coro.o
  SOLINK_MODULE(target) Release/fibers.node
Installed in `/private/tmp/scratchLZqUH9.scratch/test-package19ioxx/node_modules/devicefarm-web-nodejs-test/node_modules/fibers/bin/darwin-x64-67/fibers.node`
npm WARN saveError ENOENT: no such file or directory, open '/private/tmp/scratchLZqUH9.scratch/test-package19ioxx/package.json'
npm notice created a lockfile as package-lock.json. You should commit this file.
npm WARN enoent ENOENT: no such file or directory, open '/private/tmp/scratchLZqUH9.scratch/test-package19ioxx/package.json'
npm WARN test-package19ioxx No description
npm WARN test-package19ioxx No repository field.
npm WARN test-package19ioxx No README data
npm WARN test-package19ioxx No license field.

+ devicefarm-web-nodejs-test@1.0.0
added 347 packages from 655 contributors and audited 1456 packages in 68.754s
found 0 vulnerabilities

 
[DEVICEFARM] ########### Entering phase pre_test ###########
 
[DeviceFarm] if [ $DEVICEFARM_DEVICE_PLATFORM_NAME = "Android" ]; then echo "Start appium server for android"; (appium --log-timestamp --browser-name Chrome --device-name $DEVICEFARM_DEVICE_NAME --platform-name $DEVICEFARM_DEVICE_PLATFORM_NAME --udid $DEVICEFARM_DEVICE_UDID --chromedriver-executable $DEVICEFARM_CHROMEDRIVER_EXECUTABLE  >> $DEVICEFARM_LOG_DIR/appiumlog.txt 2>&1 &); fi
[DeviceFarm] if [ $DEVICEFARM_DEVICE_PLATFORM_NAME = "iOS" ]; then echo "Start appium server for iOS"; (appium --log-timestamp --browser-name Safari --device-name $DEVICEFARM_DEVICE_NAME --platform-name $DEVICEFARM_DEVICE_PLATFORM_NAME --udid $DEVICEFARM_DEVICE_UDID --automation-name XCUITest --default-capabilities "{\"usePrebuiltWDA\": true, \"derivedDataPath\":\"$DEVICEFARM_WDA_DERIVED_DATA_PATH_V1\"}" >> $DEVICEFARM_LOG_DIR/appiumlog.txt 2>&1 &); fi
Start appium server for iOS
[DeviceFarm] start_appium_timeout=0; while [ true ]; do
    if [ $start_appium_timeout -gt 60 ];
    then
        echo "appium server never started in 60 seconds. Exiting";
        exit 1;
    fi;
    grep -i "Appium REST http interface listener started on 0.0.0.0:4723" $DEVICEFARM_LOG_DIR/appiumlog.txt >> /dev/null 2>&1;
    if [ $? -eq 0 ];
    then
        echo "Appium REST http interface listener started on 0.0.0.0:4723";
        break;
    else
        echo "Waiting for appium server to start. Sleeping for 1 second";
        sleep 1;
        start_appium_timeout=$((start_appium_timeout+1));
    fi;
done; 
Waiting for appium server to start. Sleeping for 1 second
Waiting for appium server to start. Sleeping for 1 second
Waiting for appium server to start. Sleeping for 1 second
Waiting for appium server to start. Sleeping for 1 second
Waiting for appium server to start. Sleeping for 1 second
Waiting for appium server to start. Sleeping for 1 second
Waiting for appium server to start. Sleeping for 1 second
Waiting for appium server to start. Sleeping for 1 second
Appium REST http interface listener started on 0.0.0.0:4723
 
[DEVICEFARM] ########### Entering phase test ###########
 
[DeviceFarm] echo "Navigate to test source code"
Navigate to test source code
[DeviceFarm] cd $DEVICEFARM_TEST_PACKAGE_PATH/node_modules/*
[DeviceFarm] echo "Start Appium Node test"
Start Appium Node test
[DeviceFarm] ./node_modules/.bin/wdio wdio.conf.js

Execution of 1 spec files started at 2019-07-18T15:12:58.209Z

2019-07-18T15:12:58.213Z INFO @wdio/cli:Launcher: Run onPrepare hook
2019-07-18T15:12:58.279Z INFO @wdio/local-runner: Start worker 0-0 with arg: wdio.conf.js
[0-0] RUNNING in undefined - /test/specs/basic.js
[0-0] 2019-07-18T15:12:59.413Z INFO @wdio/local-runner: Run worker command: run
[0-0] 2019-07-18T15:12:59.724Z INFO webdriver: [POST] http://127.0.0.1:4723/wd/hub/session
[0-0] 2019-07-18T15:12:59.724Z INFO webdriver: DATA { capabilities: { alwaysMatch: {}, firstMatch: [ {} ] },
  desiredCapabilities: {} }
[0-0] 2019-07-18T15:15:11.058Z INFO webdriver: COMMAND navigateTo("https://webdriver.io/")
[0-0] 2019-07-18T15:15:11.059Z INFO webdriver: [POST] http://127.0.0.1:4723/wd/hub/session/f9f7cba2-9eb9-4a3b-ac1e-5375be668107/url
[0-0] 2019-07-18T15:15:11.059Z INFO webdriver: DATA { url: 'https://webdriver.io/' }
[0-0] 2019-07-18T15:15:12.722Z INFO webdriver: COMMAND getTitle()
2019-07-18T15:15:12.722Z INFO webdriver: [GET] http://127.0.0.1:4723/wd/hub/session/f9f7cba2-9eb9-4a3b-ac1e-5375be668107/title
[0-0] 2019-07-18T15:15:12.987Z INFO webdriver: RESULT Cannot Open Page
2019-07-18T15:15:12.993Z INFO webdriver: COMMAND deleteSession()
2019-07-18T15:15:12.993Z INFO webdriver: [DELETE] http://127.0.0.1:4723/wd/hub/session/f9f7cba2-9eb9-4a3b-ac1e-5375be668107
[0-0] AssertionError [ERR_ASSERTION] in "webdriver.io page should have the right title"
Expected values to be strictly equal:
+ actual - expected

+ 'Cannot Open Page'
- 'WebdriverIO Â· Next-gen WebDriver test framework for Node.js'
[0-0] FAILED in undefined - /test/specs/basic.js
2019-07-18T15:15:14.313Z INFO @wdio/cli:Launcher: Run onComplete hook

 "dot" Reporter:
F

Spec Files:	 0 passed, 1 failed, 1 total (100% completed) in 00:02:16 

 
[DEVICEFARM] ########### Entering phase post_test ###########
 
 
[DEVICEFARM] ########### Finish executing testspec ###########
 
[DEVICEFARM] ########### Setting upload permissions ###########
 
 
[DEVICEFARM] Tearing down your device. Your tests report will come shortly.
